[25172:16824:0927/182630.808:INFO:components\enterprise\browser\controller\chrome_browser_cloud_management_controller.cc:206] No machine level policy manager exists.
[9176:8556:0927/182630.935:ERROR:ui\gl\direct_composition_support.cc:616] AMD VideoProcessorGetOutputExtension failed: Parâmetro incorreto. (0x80070057)
[25172:16824:0927/182631.492:INFO:CONSOLE:6] "Uncaught ReferenceError: sj_evt is not defined", source: https://www.bing.com/ (6)
[25172:8884:0927/182635.422:ERROR:google_apis\gcm\engine\registration_request.cc:291] Registration response error message: DEPRECATED_ENDPOINT
[25172:16824:0927/182638.935:INFO:CONSOLE:9] "Rendering was performed in a subtree hidden by content-visibility.", source: https://www.bing.com/search?q=ANDRE+BARRETO+DA+SILVA+Florian%C3%B3polis+contato&form=QBLH&sp=-1&lq=0&pq=andre+barreto+da+silva+florian%C3%B3polis+conta&sc=12-42&qs=n&sk=&cvid=D81EF46DA15C4D348DC45AA8553F6800 (9)
[25172:16824:0927/182638.936:INFO:CONSOLE:9] "Rendering was performed in a subtree hidden by content-visibility.", source: https://www.bing.com/search?q=ANDRE+BARRETO+DA+SILVA+Florian%C3%B3polis+contato&form=QBLH&sp=-1&lq=0&pq=andre+barreto+da+silva+florian%C3%B3polis+conta&sc=12-42&qs=n&sk=&cvid=D81EF46DA15C4D348DC45AA8553F6800 (9)
[25172:16824:0927/182638.936:INFO:CONSOLE:9] "Rendering was performed in a subtree hidden by content-visibility.", source: https://www.bing.com/search?q=ANDRE+BARRETO+DA+SILVA+Florian%C3%B3polis+contato&form=QBLH&sp=-1&lq=0&pq=andre+barreto+da+silva+florian%C3%B3polis+conta&sc=12-42&qs=n&sk=&cvid=D81EF46DA15C4D348DC45AA8553F6800 (9)
[25172:16824:0927/182638.936:INFO:CONSOLE:9] "Rendering was performed in a subtree hidden by content-visibility.", source: https://www.bing.com/search?q=ANDRE+BARRETO+DA+SILVA+Florian%C3%B3polis+contato&form=QBLH&sp=-1&lq=0&pq=andre+barreto+da+silva+florian%C3%B3polis+conta&sc=12-42&qs=n&sk=&cvid=D81EF46DA15C4D348DC45AA8553F6800 (9)
[25172:16824:0927/182638.936:INFO:CONSOLE:9] "Rendering was performed in a subtree hidden by content-visibility.", source: https://www.bing.com/search?q=ANDRE+BARRETO+DA+SILVA+Florian%C3%B3polis+contato&form=QBLH&sp=-1&lq=0&pq=andre+barreto+da+silva+florian%C3%B3polis+conta&sc=12-42&qs=n&sk=&cvid=D81EF46DA15C4D348DC45AA8553F6800 (9)
[25172:16824:0927/182646.175:INFO:CONSOLE:6] "Uncaught ReferenceError: sj_evt is not defined", source: https://www.bing.com/ (6)
[25172:16824:0927/182654.882:INFO:CONSOLE:9] "Rendering was performed in a subtree hidden by content-visibility.", source: https://www.bing.com/search?q=AURELIO+ROTOLO+DA+COSTA+ARAUJO+Florian%C3%B3polis+contato&form=QBLH&sp=-1&lq=0&pq=aurelio+rotolo+da+costa+araujo+florian%C3%B3polis+conta&sc=12-50&qs=n&sk=&cvid=158B90BEA35C48539ECAE8F49C674498 (9)
[25172:16824:0927/182654.882:INFO:CONSOLE:9] "Rendering was performed in a subtree hidden by content-visibility.", source: https://www.bing.com/search?q=AURELIO+ROTOLO+DA+COSTA+ARAUJO+Florian%C3%B3polis+contato&form=QBLH&sp=-1&lq=0&pq=aurelio+rotolo+da+costa+araujo+florian%C3%B3polis+conta&sc=12-50&qs=n&sk=&cvid=158B90BEA35C48539ECAE8F49C674498 (9)
[25172:16824:0927/182654.882:INFO:CONSOLE:9] "Rendering was performed in a subtree hidden by content-visibility.", source: https://www.bing.com/search?q=AURELIO+ROTOLO+DA+COSTA+ARAUJO+Florian%C3%B3polis+contato&form=QBLH&sp=-1&lq=0&pq=aurelio+rotolo+da+costa+araujo+florian%C3%B3polis+conta&sc=12-50&qs=n&sk=&cvid=158B90BEA35C48539ECAE8F49C674498 (9)
[25172:16824:0927/182654.882:INFO:CONSOLE:9] "Rendering was performed in a subtree hidden by content-visibility.", source: https://www.bing.com/search?q=AURELIO+ROTOLO+DA+COSTA+ARAUJO+Florian%C3%B3polis+contato&form=QBLH&sp=-1&lq=0&pq=aurelio+rotolo+da+costa+araujo+florian%C3%B3polis+conta&sc=12-50&qs=n&sk=&cvid=158B90BEA35C48539ECAE8F49C674498 (9)
[25172:16824:0927/182654.882:INFO:CONSOLE:9] "Rendering was performed in a subtree hidden by content-visibility.", source: https://www.bing.com/search?q=AURELIO+ROTOLO+DA+COSTA+ARAUJO+Florian%C3%B3polis+contato&form=QBLH&sp=-1&lq=0&pq=aurelio+rotolo+da+costa+araujo+florian%C3%B3polis+conta&sc=12-50&qs=n&sk=&cvid=158B90BEA35C48539ECAE8F49C674498 (9)
[25172:16824:0927/182702.069:INFO:CONSOLE:6] "Uncaught ReferenceError: sj_evt is not defined", source: https://www.bing.com/ (6)
[25172:16824:0927/182702.808:INFO:CONSOLE:8612] "Sat Sep 27 2025 18:27:02 GMT-0300 (Horário Padrão de Brasília): 1759008422808 {"id":91002,"severity":0,"pb":{"build":"20250925.102","appType":"bingHomepage","pcsVersion":"20250925.2","pcsEnv":"prod","buildAlias":"latest","shouldDelayUntilLoadTime":false,"shouldSampleErrorsForTreatement1":false,"missingPrgFlights":"prg-hub-staging,prg-views-stage,prg-1sw-saqrrb-fel-t,prg-1sw-sawsv2-t1,prg-sh-rmitmlnk,prg-cg-ad-ref-if-2,prg-cg-ab-testing,prg-cg-int-ad-pod,prg-pr2-lifecycleba,prg-cg-cfzhcnfx,prg-1sw-tv-c,prg-1sw-ntf-rel,prg-pr2-ctsr,prg-aigc-cache,prg-1sw-satoft1,prg-cg-1crr3,prg-ad-wea-cdupe,prg-1sw-sal3addl3ofet,prg-1sw-satofcc1,prg-1sw-sawavi1g,prg-1sw-ucsam,prg-ad-spszig-h,prg-cg-zhcnfx,prg-ntp-tfherott-on,prg-pr2-lifecyclebac,prg-pr2-twi-99,prg-sh-rmitmlnk-c,prg-vid-kw-no-msn-c,prg-wtch-comv2-c,prg-wtch-fs-es-c","commonProps":{"pcsMuid":"093d7214900b64970b5c646091ec65af","oneServiceMuid":"093d7214900b64970b5c646091ec65af","pcsFlightBlobVersion":"53545028","oneServiceFlightBlobVersion":"53545028","oneServiceDebugId":"4aa97855-6248-4c20-93de-b756616c7567|2025-09-27T21:27:03.1460085Z|fabric_msn|EUS2-A|News_159"},"w":1},"message":"Flight mismatch between PCS and 1S"}", source: https://assets.msn.com/bundles/v1/bingHomepage/latest/common.b4f1aae356080c008a30.js (8612)
[25172:8884:0927/182704.399:ERROR:google_apis\gcm\engine\registration_request.cc:291] Registration response error message: DEPRECATED_ENDPOINT
[25172:16824:0927/182709.188:INFO:CONSOLE:9] "Rendering was performed in a subtree hidden by content-visibility.", source: https://www.bing.com/search?q=CARLA+WOOD+SCHMITZ+Florian%C3%B3polis+contato&form=QBLH&sp=-1&lq=0&pq=carla+wood+schmitz+florian%C3%B3polis+conta&sc=12-38&qs=n&sk=&cvid=A73D10B6E3E342AC83EA09EE9BFFD23B (9)
[25172:16824:0927/182709.188:INFO:CONSOLE:9] "Rendering was performed in a subtree hidden by content-visibility.", source: https://www.bing.com/search?q=CARLA+WOOD+SCHMITZ+Florian%C3%B3polis+contato&form=QBLH&sp=-1&lq=0&pq=carla+wood+schmitz+florian%C3%B3polis+conta&sc=12-38&qs=n&sk=&cvid=A73D10B6E3E342AC83EA09EE9BFFD23B (9)
[25172:16824:0927/182709.188:INFO:CONSOLE:9] "Rendering was performed in a subtree hidden by content-visibility.", source: https://www.bing.com/search?q=CARLA+WOOD+SCHMITZ+Florian%C3%B3polis+contato&form=QBLH&sp=-1&lq=0&pq=carla+wood+schmitz+florian%C3%B3polis+conta&sc=12-38&qs=n&sk=&cvid=A73D10B6E3E342AC83EA09EE9BFFD23B (9)
[25172:16824:0927/182709.188:INFO:CONSOLE:9] "Rendering was performed in a subtree hidden by content-visibility.", source: https://www.bing.com/search?q=CARLA+WOOD+SCHMITZ+Florian%C3%B3polis+contato&form=QBLH&sp=-1&lq=0&pq=carla+wood+schmitz+florian%C3%B3polis+conta&sc=12-38&qs=n&sk=&cvid=A73D10B6E3E342AC83EA09EE9BFFD23B (9)
[25172:16824:0927/182709.188:INFO:CONSOLE:9] "Rendering was performed in a subtree hidden by content-visibility.", source: https://www.bing.com/search?q=CARLA+WOOD+SCHMITZ+Florian%C3%B3polis+contato&form=QBLH&sp=-1&lq=0&pq=carla+wood+schmitz+florian%C3%B3polis+conta&sc=12-38&qs=n&sk=&cvid=A73D10B6E3E342AC83EA09EE9BFFD23B (9)
[25172:16824:0927/182716.860:INFO:CONSOLE:6] "Uncaught ReferenceError: sj_evt is not defined", source: https://www.bing.com/ (6)
[25172:16824:0927/182725.092:INFO:CONSOLE:9] "Rendering was performed in a subtree hidden by content-visibility.", source: https://www.bing.com/search?q=CARLOS+ALBERTO+GRIJO+LACOMBE+Florian%C3%B3polis+contato&form=QBLH&sp=-1&lq=0&pq=carlos+alberto+grijo+lacombe+florian%C3%B3polis+conta&sc=12-48&qs=n&sk=&cvid=E7EFD4AD319D4B4A9CDBAFD223569F22 (9)
[25172:16824:0927/182725.093:INFO:CONSOLE:9] "Rendering was performed in a subtree hidden by content-visibility.", source: https://www.bing.com/search?q=CARLOS+ALBERTO+GRIJO+LACOMBE+Florian%C3%B3polis+contato&form=QBLH&sp=-1&lq=0&pq=carlos+alberto+grijo+lacombe+florian%C3%B3polis+conta&sc=12-48&qs=n&sk=&cvid=E7EFD4AD319D4B4A9CDBAFD223569F22 (9)
[25172:16824:0927/182725.093:INFO:CONSOLE:9] "Rendering was performed in a subtree hidden by content-visibility.", source: https://www.bing.com/search?q=CARLOS+ALBERTO+GRIJO+LACOMBE+Florian%C3%B3polis+contato&form=QBLH&sp=-1&lq=0&pq=carlos+alberto+grijo+lacombe+florian%C3%B3polis+conta&sc=12-48&qs=n&sk=&cvid=E7EFD4AD319D4B4A9CDBAFD223569F22 (9)
[25172:16824:0927/182725.093:INFO:CONSOLE:9] "Rendering was performed in a subtree hidden by content-visibility.", source: https://www.bing.com/search?q=CARLOS+ALBERTO+GRIJO+LACOMBE+Florian%C3%B3polis+contato&form=QBLH&sp=-1&lq=0&pq=carlos+alberto+grijo+lacombe+florian%C3%B3polis+conta&sc=12-48&qs=n&sk=&cvid=E7EFD4AD319D4B4A9CDBAFD223569F22 (9)
[25172:16824:0927/182725.093:INFO:CONSOLE:9] "Rendering was performed in a subtree hidden by content-visibility.", source: https://www.bing.com/search?q=CARLOS+ALBERTO+GRIJO+LACOMBE+Florian%C3%B3polis+contato&form=QBLH&sp=-1&lq=0&pq=carlos+alberto+grijo+lacombe+florian%C3%B3polis+conta&sc=12-48&qs=n&sk=&cvid=E7EFD4AD319D4B4A9CDBAFD223569F22 (9)
[25172:16824:0927/182731.447:INFO:CONSOLE:6] "Uncaught ReferenceError: sj_evt is not defined", source: https://www.bing.com/ (6)
[25172:16824:0927/182739.265:INFO:CONSOLE:9] "Rendering was performed in a subtree hidden by content-visibility.", source: https://www.bing.com/search?q=CAROLINA+MYWA+TOMITA+Florian%C3%B3polis+contato&form=QBLH&sp=-1&lq=0&pq=carolina+mywa+tomita+florian%C3%B3polis+contat&sc=12-41&qs=n&sk=&cvid=83664400957A4A6AA32EFFF646DF0BD7 (9)
[25172:16824:0927/182739.266:INFO:CONSOLE:9] "Rendering was performed in a subtree hidden by content-visibility.", source: https://www.bing.com/search?q=CAROLINA+MYWA+TOMITA+Florian%C3%B3polis+contato&form=QBLH&sp=-1&lq=0&pq=carolina+mywa+tomita+florian%C3%B3polis+contat&sc=12-41&qs=n&sk=&cvid=83664400957A4A6AA32EFFF646DF0BD7 (9)
[25172:16824:0927/182739.267:INFO:CONSOLE:9] "Rendering was performed in a subtree hidden by content-visibility.", source: https://www.bing.com/search?q=CAROLINA+MYWA+TOMITA+Florian%C3%B3polis+contato&form=QBLH&sp=-1&lq=0&pq=carolina+mywa+tomita+florian%C3%B3polis+contat&sc=12-41&qs=n&sk=&cvid=83664400957A4A6AA32EFFF646DF0BD7 (9)
[25172:16824:0927/182739.267:INFO:CONSOLE:9] "Rendering was performed in a subtree hidden by content-visibility.", source: https://www.bing.com/search?q=CAROLINA+MYWA+TOMITA+Florian%C3%B3polis+contato&form=QBLH&sp=-1&lq=0&pq=carolina+mywa+tomita+florian%C3%B3polis+contat&sc=12-41&qs=n&sk=&cvid=83664400957A4A6AA32EFFF646DF0BD7 (9)
[25172:16824:0927/182739.267:INFO:CONSOLE:9] "Rendering was performed in a subtree hidden by content-visibility.", source: https://www.bing.com/search?q=CAROLINA+MYWA+TOMITA+Florian%C3%B3polis+contato&form=QBLH&sp=-1&lq=0&pq=carolina+mywa+tomita+florian%C3%B3polis+contat&sc=12-41&qs=n&sk=&cvid=83664400957A4A6AA32EFFF646DF0BD7 (9)
[25172:16824:0927/182739.604:INFO:CONSOLE:1] "[Cloudflare Turnstile] Language pt-BR is not supported, falling back to: pt-br.", source: https://challenges.cloudflare.com/turnstile/v0/api.js (1)
[25172:16824:0927/182740.149:INFO:CONSOLE:1] "Error", source: https://challenges.cloudflare.com/cdn-cgi/challenge-platform/h/b/orchestrate/chl_api/v1?ray=985e161acfd90cad&lang=pt-BR (1)
[25172:16824:0927/182740.161:INFO:CONSOLE:1] "ymYf", source: https://challenges.cloudflare.com/cdn-cgi/challenge-platform/h/b/orchestrate/chl_api/v1?ray=985e161acfd90cad&lang=pt-BR (1)
[25172:16824:0927/182740.161:INFO:CONSOLE:1] "ymYf", source: https://challenges.cloudflare.com/cdn-cgi/challenge-platform/h/b/orchestrate/chl_api/v1?ray=985e161acfd90cad&lang=pt-BR (1)
[25172:16824:0927/182740.161:INFO:CONSOLE:1] "Jcxg", source: https://challenges.cloudflare.com/cdn-cgi/challenge-platform/h/b/orchestrate/chl_api/v1?ray=985e161acfd90cad&lang=pt-BR (1)
[25172:16824:0927/182740.161:INFO:CONSOLE:1] "Jcxg", source: https://challenges.cloudflare.com/cdn-cgi/challenge-platform/h/b/orchestrate/chl_api/v1?ray=985e161acfd90cad&lang=pt-BR (1)
[25172:16824:0927/182740.162:INFO:CONSOLE:1] "[object HTMLAnchorElement]", source: https://challenges.cloudflare.com/cdn-cgi/challenge-platform/h/b/orchestrate/chl_api/v1?ray=985e161acfd90cad&lang=pt-BR (1)
[25172:16824:0927/182740.162:INFO:CONSOLE:1] "[object HTMLAnchorElement]", source: https://challenges.cloudflare.com/cdn-cgi/challenge-platform/h/b/orchestrate/chl_api/v1?ray=985e161acfd90cad&lang=pt-BR (1)
[25172:16824:0927/182740.162:INFO:CONSOLE:1] " : 1", source: https://challenges.cloudflare.com/cdn-cgi/challenge-platform/h/b/orchestrate/chl_api/v1?ray=985e161acfd90cad&lang=pt-BR (1)
[25172:16824:0927/182740.162:INFO:CONSOLE:1] " : 1", source: https://challenges.cloudflare.com/cdn-cgi/challenge-platform/h/b/orchestrate/chl_api/v1?ray=985e161acfd90cad&lang=pt-BR (1)
[25172:16824:0927/182740.163:INFO:CONSOLE:1] "%c%d font-size:0;color:transparent NaN", source: https://challenges.cloudflare.com/cdn-cgi/challenge-platform/h/b/orchestrate/chl_api/v1?ray=985e161acfd90cad&lang=pt-BR (1)
[25172:16824:0927/182740.163:INFO:CONSOLE:1] "%c%d font-size:0;color:transparent NaN", source: https://challenges.cloudflare.com/cdn-cgi/challenge-platform/h/b/orchestrate/chl_api/v1?ray=985e161acfd90cad&lang=pt-BR (1)
[25172:16824:0927/182740.163:INFO:CONSOLE:1] " KdHD: EVRE", source: https://challenges.cloudflare.com/cdn-cgi/challenge-platform/h/b/orchestrate/chl_api/v1?ray=985e161acfd90cad&lang=pt-BR (1)
[25172:16824:0927/182740.163:INFO:CONSOLE:1] " KdHD: EVRE", source: https://challenges.cloudflare.com/cdn-cgi/challenge-platform/h/b/orchestrate/chl_api/v1?ray=985e161acfd90cad&lang=pt-BR (1)
[25172:16824:0927/182740.164:INFO:CONSOLE:1] "%c%d font-size:0;color:transparent KdHD: EVRE", source: https://challenges.cloudflare.com/cdn-cgi/challenge-platform/h/b/orchestrate/chl_api/v1?ray=985e161acfd90cad&lang=pt-BR (1)
[25172:16824:0927/182740.164:INFO:CONSOLE:1] "%c%d font-size:0;color:transparent KdHD: EVRE", source: https://challenges.cloudflare.com/cdn-cgi/challenge-platform/h/b/orchestrate/chl_api/v1?ray=985e161acfd90cad&lang=pt-BR (1)
[25172:16824:0927/182740.164:INFO:CONSOLE:1] "%c%d font-size:0;color:transparent NaN", source: https://challenges.cloudflare.com/cdn-cgi/challenge-platform/h/b/orchestrate/chl_api/v1?ray=985e161acfd90cad&lang=pt-BR (1)
[25172:16824:0927/182740.164:INFO:CONSOLE:1] "%c%d font-size:0;color:transparent NaN", source: https://challenges.cloudflare.com/cdn-cgi/challenge-platform/h/b/orchestrate/chl_api/v1?ray=985e161acfd90cad&lang=pt-BR (1)
[25172:16824:0927/182740.165:INFO:CONSOLE:1] "%c%d font-size:0;color:transparent NaN", source: https://challenges.cloudflare.com/cdn-cgi/challenge-platform/h/b/orchestrate/chl_api/v1?ray=985e161acfd90cad&lang=pt-BR (1)
[25172:16824:0927/182740.165:INFO:CONSOLE:1] "%c%d font-size:0;color:transparent NaN", source: https://challenges.cloudflare.com/cdn-cgi/challenge-platform/h/b/orchestrate/chl_api/v1?ray=985e161acfd90cad&lang=pt-BR (1)
[25172:16824:0927/182740.165:INFO:CONSOLE:1] "%c%d font-size:0;color:transparent NaN", source: https://challenges.cloudflare.com/cdn-cgi/challenge-platform/h/b/orchestrate/chl_api/v1?ray=985e161acfd90cad&lang=pt-BR (1)
[25172:16824:0927/182740.165:INFO:CONSOLE:1] "%c%d font-size:0;color:transparent NaN", source: https://challenges.cloudflare.com/cdn-cgi/challenge-platform/h/b/orchestrate/chl_api/v1?ray=985e161acfd90cad&lang=pt-BR (1)
[25172:16824:0927/182740.165:INFO:CONSOLE:1] "%c%d font-size:0;color:transparent KdHD: EVRE", source: https://challenges.cloudflare.com/cdn-cgi/challenge-platform/h/b/orchestrate/chl_api/v1?ray=985e161acfd90cad&lang=pt-BR (1)
[25172:16824:0927/182740.166:INFO:CONSOLE:1] "%c%d font-size:0;color:transparent KdHD: EVRE", source: https://challenges.cloudflare.com/cdn-cgi/challenge-platform/h/b/orchestrate/chl_api/v1?ray=985e161acfd90cad&lang=pt-BR (1)
[25172:16824:0927/182740.166:INFO:CONSOLE:1] "%c%d font-size:0;color:transparent NaN", source: https://challenges.cloudflare.com/cdn-cgi/challenge-platform/h/b/orchestrate/chl_api/v1?ray=985e161acfd90cad&lang=pt-BR (1)
[25172:16824:0927/182740.166:INFO:CONSOLE:1] "%c%d font-size:0;color:transparent NaN", source: https://challenges.cloudflare.com/cdn-cgi/challenge-platform/h/b/orchestrate/chl_api/v1?ray=985e161acfd90cad&lang=pt-BR (1)
[25172:16824:0927/182740.166:INFO:CONSOLE:1] "%c%d font-size:0;color:transparent NaN", source: https://challenges.cloudflare.com/cdn-cgi/challenge-platform/h/b/orchestrate/chl_api/v1?ray=985e161acfd90cad&lang=pt-BR (1)
[25172:16824:0927/182740.167:INFO:CONSOLE:1] "%c%d font-size:0;color:transparent NaN", source: https://challenges.cloudflare.com/cdn-cgi/challenge-platform/h/b/orchestrate/chl_api/v1?ray=985e161acfd90cad&lang=pt-BR (1)
[25172:16824:0927/182740.168:INFO:CONSOLE:1] "console.groupEnd", source: https://challenges.cloudflare.com/cdn-cgi/challenge-platform/h/b/orchestrate/chl_api/v1?ray=985e161acfd90cad&lang=pt-BR (1)
[25172:16824:0927/182740.334:INFO:CONSOLE:1] " Note that 'script-src' was not explicitly set, so 'default-src' is used as a fallback.", source: https://challenges.cloudflare.com/cdn-cgi/challenge-platform/h/b/orchestrate/chl_api/v1?ray=985e161acfd90cad&lang=pt-BR (1)
[25172:16824:0927/182741.146:INFO:CONSOLE:1] "Request for the Private Access Token challenge.", source: https://challenges.cloudflare.com/cdn-cgi/challenge-platform/h/b/orchestrate/chl_api/v1?ray=985e161acfd90cad&lang=pt-BR (1)
[25172:16824:0927/182741.146:INFO:CONSOLE:1] "The next request for the Private Access Token challenge may return a 401 and show a warning in console.", source: https://challenges.cloudflare.com/cdn-cgi/challenge-platform/h/b/orchestrate/chl_api/v1?ray=985e161acfd90cad&lang=pt-BR (1)
[25172:16824:0927/182741.155:INFO:CONSOLE:1] "console.groupEnd", source: https://challenges.cloudflare.com/cdn-cgi/challenge-platform/h/b/orchestrate/chl_api/v1?ray=985e161acfd90cad&lang=pt-BR (1)
[25172:16824:0927/182742.305:INFO:CONSOLE:1] "Error", source: https://challenges.cloudflare.com/cdn-cgi/challenge-platform/h/b/orchestrate/chl_api/v1?ray=985e161acfd90cad&lang=pt-BR (1)
[25172:16824:0927/182742.913:INFO:CONSOLE:1] "[Cloudflare Turnstile] Error: 600010.", source: https://challenges.cloudflare.com/turnstile/v0/api.js (1)
[9176:8556:0927/182743.111:ERROR:gpu\command_buffer\service\shared_image\shared_image_manager.cc:389] SharedImageManager::ProduceSkia: Trying to Produce a Skia representation from a non-existent mailbox.
[25172:16824:0927/182743.160:INFO:CONSOLE:11] "Rendering was performed in a subtree hidden by content-visibility.", source: https://www.bing.com/search?q=CAROLINA+MYWA+TOMITA+Florian%C3%B3polis+contato&form=QBLH&sp=-1&lq=0&pq=carolina+mywa+tomita+florian%C3%B3polis+contat&sc=12-41&qs=n&sk=&cvid=83664400957A4A6AA32EFFF646DF0BD7 (11)
[25172:16824:0927/182743.161:INFO:CONSOLE:11] "Rendering was performed in a subtree hidden by content-visibility.", source: https://www.bing.com/search?q=CAROLINA+MYWA+TOMITA+Florian%C3%B3polis+contato&form=QBLH&sp=-1&lq=0&pq=carolina+mywa+tomita+florian%C3%B3polis+contat&sc=12-41&qs=n&sk=&cvid=83664400957A4A6AA32EFFF646DF0BD7 (11)
[25172:16824:0927/182743.161:INFO:CONSOLE:11] "Rendering was performed in a subtree hidden by content-visibility.", source: https://www.bing.com/search?q=CAROLINA+MYWA+TOMITA+Florian%C3%B3polis+contato&form=QBLH&sp=-1&lq=0&pq=carolina+mywa+tomita+florian%C3%B3polis+contat&sc=12-41&qs=n&sk=&cvid=83664400957A4A6AA32EFFF646DF0BD7 (11)
[25172:16824:0927/182743.161:INFO:CONSOLE:11] "Rendering was performed in a subtree hidden by content-visibility.", source: https://www.bing.com/search?q=CAROLINA+MYWA+TOMITA+Florian%C3%B3polis+contato&form=QBLH&sp=-1&lq=0&pq=carolina+mywa+tomita+florian%C3%B3polis+contat&sc=12-41&qs=n&sk=&cvid=83664400957A4A6AA32EFFF646DF0BD7 (11)
[25172:16824:0927/182743.161:INFO:CONSOLE:11] "Rendering was performed in a subtree hidden by content-visibility.", source: https://www.bing.com/search?q=CAROLINA+MYWA+TOMITA+Florian%C3%B3polis+contato&form=QBLH&sp=-1&lq=0&pq=carolina+mywa+tomita+florian%C3%B3polis+contat&sc=12-41&qs=n&sk=&cvid=83664400957A4A6AA32EFFF646DF0BD7 (11)
[9176:23692:0927/182743.363:WARNING:ui\gl\angle_platform_impl.cc:47] HLSLCompiler.cpp:250 (rx::HLSLCompiler::compileToBinary): 
C:\fakepath(142,3-70): warning X3557: loop only executes for 1 iteration(s), forcing loop to unroll

[25172:16824:0927/182748.552:INFO:CONSOLE:1] "Uncaught ReferenceError: sj_be is not defined", source: https://r.bing.com/rp/EbYhjPcYgLzlXDtyL3jnEeG9I5Y.br.js (1)
[25172:16824:0927/182748.553:INFO:CONSOLE:2] "Uncaught ReferenceError: _w is not defined", source: https://r.bing.com/rp/Xx3AFapZnhTBVugM4p_LMNdCkGE.br.js (2)
[25172:16824:0927/182748.554:INFO:CONSOLE:8] "Uncaught ReferenceError: sj_evt is not defined", source: https://www.bing.com/ (8)
[25172:16824:0927/182748.608:INFO:CONSOLE:1] "Uncaught (in promise) TypeError: Cannot read properties of null (reading 'style')", source: https://r.bing.com/rp/IDs6Cssw6NAmDi-f2u7dhkU65AY.br.js (1)
[25172:16824:0927/182754.412:INFO:CONSOLE:11] "Rendering was performed in a subtree hidden by content-visibility.", source: https://www.bing.com/search?q=CLAUDIO+WAYHS+Florian%C3%B3polis+contato&search=Enviar&form=QBLH (11)
[25172:16824:0927/182754.412:INFO:CONSOLE:11] "Rendering was performed in a subtree hidden by content-visibility.", source: https://www.bing.com/search?q=CLAUDIO+WAYHS+Florian%C3%B3polis+contato&search=Enviar&form=QBLH (11)
[25172:16824:0927/182754.412:INFO:CONSOLE:11] "Rendering was performed in a subtree hidden by content-visibility.", source: https://www.bing.com/search?q=CLAUDIO+WAYHS+Florian%C3%B3polis+contato&search=Enviar&form=QBLH (11)
[25172:16824:0927/182754.412:INFO:CONSOLE:11] "Rendering was performed in a subtree hidden by content-visibility.", source: https://www.bing.com/search?q=CLAUDIO+WAYHS+Florian%C3%B3polis+contato&search=Enviar&form=QBLH (11)
[25172:16824:0927/182754.412:INFO:CONSOLE:11] "Rendering was performed in a subtree hidden by content-visibility.", source: https://www.bing.com/search?q=CLAUDIO+WAYHS+Florian%C3%B3polis+contato&search=Enviar&form=QBLH (11)
[25172:16824:0927/182756.506:INFO:CONSOLE:9] "Rendering was performed in a subtree hidden by content-visibility.", source: https://www.bing.com/search?q=CLAUDIO%20WAYHS%20Florian%C3%B3polis%20contato (9)
[25172:16824:0927/182756.506:INFO:CONSOLE:9] "Rendering was performed in a subtree hidden by content-visibility.", source: https://www.bing.com/search?q=CLAUDIO%20WAYHS%20Florian%C3%B3polis%20contato (9)
[25172:16824:0927/182756.506:INFO:CONSOLE:9] "Rendering was performed in a subtree hidden by content-visibility.", source: https://www.bing.com/search?q=CLAUDIO%20WAYHS%20Florian%C3%B3polis%20contato (9)
[25172:16824:0927/182756.506:INFO:CONSOLE:9] "Rendering was performed in a subtree hidden by content-visibility.", source: https://www.bing.com/search?q=CLAUDIO%20WAYHS%20Florian%C3%B3polis%20contato (9)
[25172:16824:0927/182756.506:INFO:CONSOLE:9] "Rendering was performed in a subtree hidden by content-visibility.", source: https://www.bing.com/search?q=CLAUDIO%20WAYHS%20Florian%C3%B3polis%20contato (9)
[25172:16824:0927/182756.813:INFO:CONSOLE:1] "[Cloudflare Turnstile] Language pt-BR is not supported, falling back to: pt-br.", source: https://challenges.cloudflare.com/turnstile/v0/api.js (1)
[25172:16824:0927/182757.763:INFO:CONSOLE:1] "Request for the Private Access Token challenge.", source: https://challenges.cloudflare.com/cdn-cgi/challenge-platform/h/b/orchestrate/chl_api/v1?ray=985e16867a4a0cad&lang=pt-BR (1)
[25172:16824:0927/182757.763:INFO:CONSOLE:1] "The next request for the Private Access Token challenge may return a 401 and show a warning in console.", source: https://challenges.cloudflare.com/cdn-cgi/challenge-platform/h/b/orchestrate/chl_api/v1?ray=985e16867a4a0cad&lang=pt-BR (1)
[25172:16824:0927/182757.778:INFO:CONSOLE:1] "console.groupEnd", source: https://challenges.cloudflare.com/cdn-cgi/challenge-platform/h/b/orchestrate/chl_api/v1?ray=985e16867a4a0cad&lang=pt-BR (1)
[25172:16824:0927/182757.826:INFO:CONSOLE:1] " Note that 'script-src' was not explicitly set, so 'default-src' is used as a fallback.", source: https://challenges.cloudflare.com/cdn-cgi/challenge-platform/h/b/orchestrate/chl_api/v1?ray=985e16867a4a0cad&lang=pt-BR (1)
[25172:8884:0927/182757.991:ERROR:google_apis\gcm\engine\registration_request.cc:291] Registration response error message: DEPRECATED_ENDPOINT
[25172:16824:0927/182758.128:INFO:CONSOLE:1] "Error", source: https://challenges.cloudflare.com/cdn-cgi/challenge-platform/h/b/orchestrate/chl_api/v1?ray=985e16867a4a0cad&lang=pt-BR (1)
[25172:16824:0927/182758.143:INFO:CONSOLE:1] "ymYf", source: https://challenges.cloudflare.com/cdn-cgi/challenge-platform/h/b/orchestrate/chl_api/v1?ray=985e16867a4a0cad&lang=pt-BR (1)
[25172:16824:0927/182758.143:INFO:CONSOLE:1] "ymYf", source: https://challenges.cloudflare.com/cdn-cgi/challenge-platform/h/b/orchestrate/chl_api/v1?ray=985e16867a4a0cad&lang=pt-BR (1)
[25172:16824:0927/182758.143:INFO:CONSOLE:1] "Jcxg", source: https://challenges.cloudflare.com/cdn-cgi/challenge-platform/h/b/orchestrate/chl_api/v1?ray=985e16867a4a0cad&lang=pt-BR (1)
[25172:16824:0927/182758.143:INFO:CONSOLE:1] "Jcxg", source: https://challenges.cloudflare.com/cdn-cgi/challenge-platform/h/b/orchestrate/chl_api/v1?ray=985e16867a4a0cad&lang=pt-BR (1)
[25172:16824:0927/182758.143:INFO:CONSOLE:1] "[object HTMLAnchorElement]", source: https://challenges.cloudflare.com/cdn-cgi/challenge-platform/h/b/orchestrate/chl_api/v1?ray=985e16867a4a0cad&lang=pt-BR (1)
[25172:16824:0927/182758.143:INFO:CONSOLE:1] "[object HTMLAnchorElement]", source: https://challenges.cloudflare.com/cdn-cgi/challenge-platform/h/b/orchestrate/chl_api/v1?ray=985e16867a4a0cad&lang=pt-BR (1)
[25172:16824:0927/182758.144:INFO:CONSOLE:1] " : 1", source: https://challenges.cloudflare.com/cdn-cgi/challenge-platform/h/b/orchestrate/chl_api/v1?ray=985e16867a4a0cad&lang=pt-BR (1)
[25172:16824:0927/182758.144:INFO:CONSOLE:1] " : 1", source: https://challenges.cloudflare.com/cdn-cgi/challenge-platform/h/b/orchestrate/chl_api/v1?ray=985e16867a4a0cad&lang=pt-BR (1)
[25172:16824:0927/182758.144:INFO:CONSOLE:1] "%c%d font-size:0;color:transparent NaN", source: https://challenges.cloudflare.com/cdn-cgi/challenge-platform/h/b/orchestrate/chl_api/v1?ray=985e16867a4a0cad&lang=pt-BR (1)
[25172:16824:0927/182758.144:INFO:CONSOLE:1] "%c%d font-size:0;color:transparent NaN", source: https://challenges.cloudflare.com/cdn-cgi/challenge-platform/h/b/orchestrate/chl_api/v1?ray=985e16867a4a0cad&lang=pt-BR (1)
[25172:16824:0927/182758.144:INFO:CONSOLE:1] " KdHD: EVRE", source: https://challenges.cloudflare.com/cdn-cgi/challenge-platform/h/b/orchestrate/chl_api/v1?ray=985e16867a4a0cad&lang=pt-BR (1)
[25172:16824:0927/182758.144:INFO:CONSOLE:1] " KdHD: EVRE", source: https://challenges.cloudflare.com/cdn-cgi/challenge-platform/h/b/orchestrate/chl_api/v1?ray=985e16867a4a0cad&lang=pt-BR (1)
[25172:16824:0927/182758.144:INFO:CONSOLE:1] "%c%d font-size:0;color:transparent KdHD: EVRE", source: https://challenges.cloudflare.com/cdn-cgi/challenge-platform/h/b/orchestrate/chl_api/v1?ray=985e16867a4a0cad&lang=pt-BR (1)
[25172:16824:0927/182758.144:INFO:CONSOLE:1] "%c%d font-size:0;color:transparent KdHD: EVRE", source: https://challenges.cloudflare.com/cdn-cgi/challenge-platform/h/b/orchestrate/chl_api/v1?ray=985e16867a4a0cad&lang=pt-BR (1)
[25172:16824:0927/182758.145:INFO:CONSOLE:1] "%c%d font-size:0;color:transparent NaN", source: https://challenges.cloudflare.com/cdn-cgi/challenge-platform/h/b/orchestrate/chl_api/v1?ray=985e16867a4a0cad&lang=pt-BR (1)
[25172:16824:0927/182758.145:INFO:CONSOLE:1] "%c%d font-size:0;color:transparent NaN", source: https://challenges.cloudflare.com/cdn-cgi/challenge-platform/h/b/orchestrate/chl_api/v1?ray=985e16867a4a0cad&lang=pt-BR (1)
[25172:16824:0927/182758.145:INFO:CONSOLE:1] "%c%d font-size:0;color:transparent NaN", source: https://challenges.cloudflare.com/cdn-cgi/challenge-platform/h/b/orchestrate/chl_api/v1?ray=985e16867a4a0cad&lang=pt-BR (1)
[25172:16824:0927/182758.145:INFO:CONSOLE:1] "%c%d font-size:0;color:transparent NaN", source: https://challenges.cloudflare.com/cdn-cgi/challenge-platform/h/b/orchestrate/chl_api/v1?ray=985e16867a4a0cad&lang=pt-BR (1)
[25172:16824:0927/182758.146:INFO:CONSOLE:1] "%c%d font-size:0;color:transparent NaN", source: https://challenges.cloudflare.com/cdn-cgi/challenge-platform/h/b/orchestrate/chl_api/v1?ray=985e16867a4a0cad&lang=pt-BR (1)
[25172:16824:0927/182758.146:INFO:CONSOLE:1] "%c%d font-size:0;color:transparent NaN", source: https://challenges.cloudflare.com/cdn-cgi/challenge-platform/h/b/orchestrate/chl_api/v1?ray=985e16867a4a0cad&lang=pt-BR (1)
[25172:16824:0927/182758.146:INFO:CONSOLE:1] "%c%d font-size:0;color:transparent KdHD: EVRE", source: https://challenges.cloudflare.com/cdn-cgi/challenge-platform/h/b/orchestrate/chl_api/v1?ray=985e16867a4a0cad&lang=pt-BR (1)
[25172:16824:0927/182758.146:INFO:CONSOLE:1] "%c%d font-size:0;color:transparent KdHD: EVRE", source: https://challenges.cloudflare.com/cdn-cgi/challenge-platform/h/b/orchestrate/chl_api/v1?ray=985e16867a4a0cad&lang=pt-BR (1)
[25172:16824:0927/182758.146:INFO:CONSOLE:1] "%c%d font-size:0;color:transparent NaN", source: https://challenges.cloudflare.com/cdn-cgi/challenge-platform/h/b/orchestrate/chl_api/v1?ray=985e16867a4a0cad&lang=pt-BR (1)
[25172:16824:0927/182758.146:INFO:CONSOLE:1] "%c%d font-size:0;color:transparent NaN", source: https://challenges.cloudflare.com/cdn-cgi/challenge-platform/h/b/orchestrate/chl_api/v1?ray=985e16867a4a0cad&lang=pt-BR (1)
[25172:16824:0927/182758.146:INFO:CONSOLE:1] "%c%d font-size:0;color:transparent NaN", source: https://challenges.cloudflare.com/cdn-cgi/challenge-platform/h/b/orchestrate/chl_api/v1?ray=985e16867a4a0cad&lang=pt-BR (1)
[25172:16824:0927/182758.147:INFO:CONSOLE:1] "%c%d font-size:0;color:transparent NaN", source: https://challenges.cloudflare.com/cdn-cgi/challenge-platform/h/b/orchestrate/chl_api/v1?ray=985e16867a4a0cad&lang=pt-BR (1)
[25172:16824:0927/182758.148:INFO:CONSOLE:1] "console.groupEnd", source: https://challenges.cloudflare.com/cdn-cgi/challenge-platform/h/b/orchestrate/chl_api/v1?ray=985e16867a4a0cad&lang=pt-BR (1)
[25172:16824:0927/182759.863:INFO:CONSOLE:1] "Error", source: https://challenges.cloudflare.com/cdn-cgi/challenge-platform/h/b/orchestrate/chl_api/v1?ray=985e16867a4a0cad&lang=pt-BR (1)
[25172:16824:0927/182800.306:INFO:CONSOLE:4] "Uncaught TypeError: Cannot read properties of undefined (reading 'substring')", source: https://br.linkedin.com/in/claudio-wayhs-934891a8 (4)
[25172:16824:0927/182800.880:INFO:CONSOLE:1] "[Cloudflare Turnstile] Error: 600010.", source: https://challenges.cloudflare.com/turnstile/v0/api.js (1)
[25172:16824:0927/182801.073:INFO:CONSOLE:11] "Rendering was performed in a subtree hidden by content-visibility.", source: https://www.bing.com/search?q=CLAUDIO%20WAYHS%20Florian%C3%B3polis%20contato (11)
[25172:16824:0927/182801.074:INFO:CONSOLE:11] "Rendering was performed in a subtree hidden by content-visibility.", source: https://www.bing.com/search?q=CLAUDIO%20WAYHS%20Florian%C3%B3polis%20contato (11)
[25172:16824:0927/182801.074:INFO:CONSOLE:11] "Rendering was performed in a subtree hidden by content-visibility.", source: https://www.bing.com/search?q=CLAUDIO%20WAYHS%20Florian%C3%B3polis%20contato (11)
[25172:16824:0927/182801.074:INFO:CONSOLE:11] "Rendering was performed in a subtree hidden by content-visibility.", source: https://www.bing.com/search?q=CLAUDIO%20WAYHS%20Florian%C3%B3polis%20contato (11)
[25172:16824:0927/182801.074:INFO:CONSOLE:11] "Rendering was performed in a subtree hidden by content-visibility.", source: https://www.bing.com/search?q=CLAUDIO%20WAYHS%20Florian%C3%B3polis%20contato (11)
[1116:5944:0927/182801.867:INFO:third_party\blink\renderer\modules\peerconnection\peer_connection_dependency_factory.cc:924] Running WebRTC with a combined Network and Worker thread.
[25172:16824:0927/182802.049:WARNING:chrome\browser\media\prefs\capture_device_ranking.h:255] Can't initialize the value of media.audio_input.user_preference_ranking because media.default_audio_capture_device isn't registered or is empty
[25172:16824:0927/182802.049:WARNING:chrome\browser\media\prefs\capture_device_ranking.h:255] Can't initialize the value of media.video_input.user_preference_ranking because media.default_video_capture_Device isn't registered or is empty
[25172:16824:0927/182802.096:INFO:CONSOLE:169] "[GSI_LOGGER]: Your client application may not display the Google One Tap in its default position. When FedCM becomes mandatory, One Tap only displays in the default position. Refer to the migration guide to update your code accordingly and opt-in to FedCM to test your changes. Learn more: https://developers.google.com/identity/gsi/web/guides/fedcm-migration?s=dc#layout", source: https://static.licdn.com/aero-v1/sc/h/29rdkxlvag0d3cpj96fiilbju (169)
[25172:16824:0927/182802.096:INFO:CONSOLE:169] "[GSI_LOGGER]: Your client application uses one of the Google One Tap prompt UI status methods that may stop functioning when FedCM becomes mandatory. Refer to the migration guide to update your code accordingly and opt-in to FedCM to test your changes. Learn more: https://developers.google.com/identity/gsi/web/guides/fedcm-migration?s=dc#display_moment and https://developers.google.com/identity/gsi/web/guides/fedcm-migration?s=dc#skipped_moment", source: https://static.licdn.com/aero-v1/sc/h/29rdkxlvag0d3cpj96fiilbju (169)
[25172:16824:0927/182802.096:INFO:CONSOLE:169] "[GSI_LOGGER]: Currently, you disable FedCM on Google One Tap. FedCM for One Tap will become mandatory starting Oct 2024, and you won’t be able to disable it. Refer to the migration guide to update your code accordingly to ensure users will not be blocked from logging in. Learn more: https://developers.google.com/identity/gsi/web/guides/fedcm-migration", source: https://static.licdn.com/aero-v1/sc/h/29rdkxlvag0d3cpj96fiilbju (169)
[25172:16824:0927/182802.107:WARNING:chrome\browser\media\prefs\capture_device_ranking.h:255] Can't initialize the value of media.audio_input.user_preference_ranking because media.default_audio_capture_device isn't registered or is empty
[25172:16824:0927/182802.107:WARNING:chrome\browser\media\prefs\capture_device_ranking.h:255] Can't initialize the value of media.video_input.user_preference_ranking because media.default_video_capture_Device isn't registered or is empty
[25172:16824:0927/182810.194:INFO:CONSOLE:1] "Uncaught ReferenceError: sj_be is not defined", source: https://r.bing.com/rp/EbYhjPcYgLzlXDtyL3jnEeG9I5Y.br.js (1)
[25172:16824:0927/182810.195:INFO:CONSOLE:2] "Uncaught ReferenceError: _w is not defined", source: https://r.bing.com/rp/Xx3AFapZnhTBVugM4p_LMNdCkGE.br.js (2)
[25172:16824:0927/182810.197:INFO:CONSOLE:8] "Uncaught ReferenceError: sj_evt is not defined", source: https://www.bing.com/ (8)
[25172:16824:0927/182810.245:INFO:CONSOLE:1] "Uncaught (in promise) TypeError: Cannot read properties of null (reading 'style')", source: https://r.bing.com/rp/IDs6Cssw6NAmDi-f2u7dhkU65AY.br.js (1)
[25172:16824:0927/182817.436:INFO:CONSOLE:11] "Rendering was performed in a subtree hidden by content-visibility.", source: https://www.bing.com/search?q=DENIZARD+LEON+DA+SILVA+Florian%C3%B3polis+contato&search=Enviar&form=QBLH (11)
[25172:16824:0927/182817.437:INFO:CONSOLE:11] "Rendering was performed in a subtree hidden by content-visibility.", source: https://www.bing.com/search?q=DENIZARD+LEON+DA+SILVA+Florian%C3%B3polis+contato&search=Enviar&form=QBLH (11)
[25172:16824:0927/182817.437:INFO:CONSOLE:11] "Rendering was performed in a subtree hidden by content-visibility.", source: https://www.bing.com/search?q=DENIZARD+LEON+DA+SILVA+Florian%C3%B3polis+contato&search=Enviar&form=QBLH (11)
[25172:16824:0927/182817.437:INFO:CONSOLE:11] "Rendering was performed in a subtree hidden by content-visibility.", source: https://www.bing.com/search?q=DENIZARD+LEON+DA+SILVA+Florian%C3%B3polis+contato&search=Enviar&form=QBLH (11)
[25172:16824:0927/182817.437:INFO:CONSOLE:11] "Rendering was performed in a subtree hidden by content-visibility.", source: https://www.bing.com/search?q=DENIZARD+LEON+DA+SILVA+Florian%C3%B3polis+contato&search=Enviar&form=QBLH (11)
